<?xml version="1.0" encoding="UTF-8"?>
<!-- Generated by org.testng.reporters.JUnitReportReporter -->
<testsuite hostname="SarthakDell" failures="0" tests="18" name="com.tutorialsninja.qa.Runner.Runner_TestNG" time="103.303" errors="0" timestamp="2024-03-19T21:45:25 EDT" skipped="0">
  <testcase classname="com.tutorialsninja.qa.Runner.Runner_TestNG" name="runScenario" time="6.212"/>
  <testcase classname="com.tutorialsninja.qa.Runner.Runner_TestNG" name="runScenario" time="4.734"/>
  <testcase classname="com.tutorialsninja.qa.Runner.Runner_TestNG" name="runScenario" time="5.267"/>
  <testcase classname="com.tutorialsninja.qa.Runner.Runner_TestNG" name="runScenario" time="4.974"/>
  <testcase classname="com.tutorialsninja.qa.Runner.Runner_TestNG" name="runScenario" time="7.168"/>
  <testcase classname="com.tutorialsninja.qa.Runner.Runner_TestNG" name="runScenario" time="5.909"/>
  <testcase classname="com.tutorialsninja.qa.Runner.Runner_TestNG" name="runScenario" time="6.975"/>
  <testcase classname="com.tutorialsninja.qa.Runner.Runner_TestNG" name="runScenario" time="6.106"/>
  <testcase classname="com.tutorialsninja.qa.Runner.Runner_TestNG" name="runScenario" time="4.858"/>
  <testcase classname="com.tutorialsninja.qa.Runner.Runner_TestNG" name="runScenario" time="6.681"/>
  <testcase classname="com.tutorialsninja.qa.Runner.Runner_TestNG" name="runScenario" time="5.547"/>
  <testcase classname="com.tutorialsninja.qa.Runner.Runner_TestNG" name="runScenario" time="4.320"/>
  <testcase classname="com.tutorialsninja.qa.Runner.Runner_TestNG" name="runScenario" time="6.423"/>
  <testcase classname="com.tutorialsninja.qa.Runner.Runner_TestNG" name="runScenario" time="5.865"/>
  <testcase classname="com.tutorialsninja.qa.Runner.Runner_TestNG" name="runScenario" time="4.443"/>
  <testcase classname="com.tutorialsninja.qa.Runner.Runner_TestNG" name="runScenario" time="5.607"/>
  <testcase classname="com.tutorialsninja.qa.Runner.Runner_TestNG" name="runScenario" time="6.645"/>
  <testcase classname="com.tutorialsninja.qa.Runner.Runner_TestNG" name="runScenario" time="5.569"/>
</testsuite> <!-- com.tutorialsninja.qa.Runner.Runner_TestNG -->
