<?xml version="1.0" encoding="UTF-8"?>
<!-- Generated by org.testng.reporters.JUnitReportReporter -->
<testsuite hostname="SarthakDell" failures="0" tests="18" name="com.tutorialsninja.qa.Runner.Runner_TestNG" time="108.307" errors="0" timestamp="2024-06-09T12:28:02 EDT" skipped="0">
  <testcase classname="com.tutorialsninja.qa.Runner.Runner_TestNG" name="runScenario" time="6.099"/>
  <testcase classname="com.tutorialsninja.qa.Runner.Runner_TestNG" name="runScenario" time="4.533"/>
  <testcase classname="com.tutorialsninja.qa.Runner.Runner_TestNG" name="runScenario" time="6.170"/>
  <testcase classname="com.tutorialsninja.qa.Runner.Runner_TestNG" name="runScenario" time="4.270"/>
  <testcase classname="com.tutorialsninja.qa.Runner.Runner_TestNG" name="runScenario" time="5.775"/>
  <testcase classname="com.tutorialsninja.qa.Runner.Runner_TestNG" name="runScenario" time="7.228"/>
  <testcase classname="com.tutorialsninja.qa.Runner.Runner_TestNG" name="runScenario" time="6.010"/>
  <testcase classname="com.tutorialsninja.qa.Runner.Runner_TestNG" name="runScenario" time="5.232"/>
  <testcase classname="com.tutorialsninja.qa.Runner.Runner_TestNG" name="runScenario" time="5.904"/>
  <testcase classname="com.tutorialsninja.qa.Runner.Runner_TestNG" name="runScenario" time="6.291"/>
  <testcase classname="com.tutorialsninja.qa.Runner.Runner_TestNG" name="runScenario" time="5.834"/>
  <testcase classname="com.tutorialsninja.qa.Runner.Runner_TestNG" name="runScenario" time="7.386"/>
  <testcase classname="com.tutorialsninja.qa.Runner.Runner_TestNG" name="runScenario" time="6.217"/>
  <testcase classname="com.tutorialsninja.qa.Runner.Runner_TestNG" name="runScenario" time="6.284"/>
  <testcase classname="com.tutorialsninja.qa.Runner.Runner_TestNG" name="runScenario" time="7.086"/>
  <testcase classname="com.tutorialsninja.qa.Runner.Runner_TestNG" name="runScenario" time="7.514"/>
  <testcase classname="com.tutorialsninja.qa.Runner.Runner_TestNG" name="runScenario" time="4.716"/>
  <testcase classname="com.tutorialsninja.qa.Runner.Runner_TestNG" name="runScenario" time="5.758"/>
</testsuite> <!-- com.tutorialsninja.qa.Runner.Runner_TestNG -->
